Performing C SOURCE FILE Test CMAKE_HAVE_LIBC_PTHREAD failed with the following output:
Change Dir: /home/wren/Documents/CS685/jupyter_notebooks/homework_assignments/P1_ROS_kinematics_control/workspace_folder/build/CMakeFiles/CMakeTmp

Run Build Command(s):/bin/make cmTC_aa9cc/fast && /bin/make -f CMakeFiles/cmTC_aa9cc.dir/build.make CMakeFiles/cmTC_aa9cc.dir/build
make[1]: Entering directory '/home/wren/Documents/CS685/jupyter_notebooks/homework_assignments/P1_ROS_kinematics_control/workspace_folder/build/CMakeFiles/CMakeTmp'
Building C object CMakeFiles/cmTC_aa9cc.dir/src.c.o
/bin/cc   -DCMAKE_HAVE_LIBC_PTHREAD   -o CMakeFiles/cmTC_aa9cc.dir/src.c.o   -c /home/wren/Documents/CS685/jupyter_notebooks/homework_assignments/P1_ROS_kinematics_control/workspace_folder/build/CMakeFiles/CMakeTmp/src.c
Linking C executable cmTC_aa9cc
/usr/bin/cmake -E cmake_link_script CMakeFiles/cmTC_aa9cc.dir/link.txt --verbose=1
/bin/cc  -DCMAKE_HAVE_LIBC_PTHREAD    -rdynamic CMakeFiles/cmTC_aa9cc.dir/src.c.o  -o cmTC_aa9cc 
/bin/ld: CMakeFiles/cmTC_aa9cc.dir/src.c.o: in function `main':
src.c:(.text+0x46): undefined reference to `pthread_create'
/bin/ld: src.c:(.text+0x52): undefined reference to `pthread_detach'
/bin/ld: src.c:(.text+0x63): undefined reference to `pthread_join'
collect2: error: ld returned 1 exit status
make[1]: *** [CMakeFiles/cmTC_aa9cc.dir/build.make:87: cmTC_aa9cc] Error 1
make[1]: Leaving directory '/home/wren/Documents/CS685/jupyter_notebooks/homework_assignments/P1_ROS_kinematics_control/workspace_folder/build/CMakeFiles/CMakeTmp'
make: *** [Makefile:121: cmTC_aa9cc/fast] Error 2


Source file was:
#include <pthread.h>

void* test_func(void* data)
{
  return data;
}

int main(void)
{
  pthread_t thread;
  pthread_create(&thread, NULL, test_func, NULL);
  pthread_detach(thread);
  pthread_join(thread, NULL);
  pthread_atfork(NULL, NULL, NULL);
  pthread_exit(NULL);

  return 0;
}

Determining if the function pthread_create exists in the pthreads failed with the following output:
Change Dir: /home/wren/Documents/CS685/jupyter_notebooks/homework_assignments/P1_ROS_kinematics_control/workspace_folder/build/CMakeFiles/CMakeTmp

Run Build Command(s):/bin/make cmTC_92047/fast && /bin/make -f CMakeFiles/cmTC_92047.dir/build.make CMakeFiles/cmTC_92047.dir/build
make[1]: Entering directory '/home/wren/Documents/CS685/jupyter_notebooks/homework_assignments/P1_ROS_kinematics_control/workspace_folder/build/CMakeFiles/CMakeTmp'
Building C object CMakeFiles/cmTC_92047.dir/CheckFunctionExists.c.o
/bin/cc   -DCHECK_FUNCTION_EXISTS=pthread_create   -o CMakeFiles/cmTC_92047.dir/CheckFunctionExists.c.o   -c /usr/share/cmake-3.16/Modules/CheckFunctionExists.c
Linking C executable cmTC_92047
/usr/bin/cmake -E cmake_link_script CMakeFiles/cmTC_92047.dir/link.txt --verbose=1
/bin/cc  -DCHECK_FUNCTION_EXISTS=pthread_create    -rdynamic CMakeFiles/cmTC_92047.dir/CheckFunctionExists.c.o  -o cmTC_92047  -lpthreads 
/bin/ld: cannot find -lpthreads
collect2: error: ld returned 1 exit status
make[1]: *** [CMakeFiles/cmTC_92047.dir/build.make:87: cmTC_92047] Error 1
make[1]: Leaving directory '/home/wren/Documents/CS685/jupyter_notebooks/homework_assignments/P1_ROS_kinematics_control/workspace_folder/build/CMakeFiles/CMakeTmp'
make: *** [Makefile:121: cmTC_92047/fast] Error 2



